  MatrixTest.cpp
C:\Users\Jackson\source\repos\Destrux\DestruxTest\MatrixTest.cpp(3,10): fatal error C1083: Cannot open include file: '<Eigen/Dense>': No such file or directory
  TetrahedronTest.cpp
C:\Users\Jackson\source\repos\Destrux\DestruxTest\TetrahedronTest.cpp(15,4): error C2065: 'Tetrahedron': undeclared identifier
C:\Users\Jackson\source\repos\Destrux\DestruxTest\TetrahedronTest.cpp(15,16): error C2146: syntax error: missing ';' before identifier 'tet'
C:\Users\Jackson\source\repos\Destrux\DestruxTest\TetrahedronTest.cpp(15,16): error C2065: 'tet': undeclared identifier
  Generating Code...
